2025-07-10 15:32:04,465 - __main__ - INFO - Starting Flask API server
2025-07-10 17:44:43,438 - __main__ - INFO - Starting Flask API server
2025-07-10 17:45:46,089 - __main__ - INFO - Starting Flask API server
2025-07-10 17:45:46,221 - werkzeug - INFO - [31m[1mWARNING: This is a development server. Do not use it in a production deployment. Use a production WSGI server instead.[0m
 * Running on all addresses (0.0.0.0)
 * Running on http://127.0.0.1:5001
 * Running on http://192.168.0.10:5001
2025-07-10 17:45:46,221 - werkzeug - INFO - [33mPress CTRL+C to quit[0m
2025-07-10 17:45:46,222 - werkzeug - INFO -  * Restarting with stat
2025-07-10 17:45:47,235 - __main__ - INFO - Starting Flask API server
2025-07-10 17:45:47,257 - werkzeug - WARNING -  * Debugger is active!
2025-07-10 17:45:47,264 - werkzeug - INFO -  * Debugger PIN: 934-774-149
2025-07-10 19:44:35,141 - __main__ - INFO - Starting Flask API server
2025-07-10 19:44:35,187 - werkzeug - INFO - [31m[1mWARNING: This is a development server. Do not use it in a production deployment. Use a production WSGI server instead.[0m
 * Running on all addresses (0.0.0.0)
 * Running on http://127.0.0.1:5001
 * Running on http://192.168.0.10:5001
2025-07-10 19:44:35,187 - werkzeug - INFO - [33mPress CTRL+C to quit[0m
2025-07-10 19:44:35,188 - werkzeug - INFO -  * Restarting with stat
2025-07-10 19:44:36,200 - __main__ - INFO - Starting Flask API server
2025-07-10 19:44:36,221 - werkzeug - WARNING -  * Debugger is active!
2025-07-10 19:44:36,229 - werkzeug - INFO -  * Debugger PIN: 934-774-149
2025-07-10 19:45:30,879 - __main__ - INFO - Starting Flask API server
2025-07-10 19:47:44,982 - __main__ - INFO - Starting Flask API server
2025-07-10 19:47:45,029 - werkzeug - INFO - [31m[1mWARNING: This is a development server. Do not use it in a production deployment. Use a production WSGI server instead.[0m
 * Running on all addresses (0.0.0.0)
 * Running on http://127.0.0.1:5001
 * Running on http://192.168.0.10:5001
2025-07-10 19:47:45,029 - werkzeug - INFO - [33mPress CTRL+C to quit[0m
2025-07-10 19:47:45,030 - werkzeug - INFO -  * Restarting with stat
2025-07-10 19:47:46,043 - __main__ - INFO - Starting Flask API server
2025-07-10 19:47:46,062 - werkzeug - WARNING -  * Debugger is active!
2025-07-10 19:47:46,070 - werkzeug - INFO -  * Debugger PIN: 934-774-149
2025-07-10 20:32:23,557 - __main__ - INFO - Starting Flask API server
2025-07-10 20:32:23,589 - werkzeug - INFO - [31m[1mWARNING: This is a development server. Do not use it in a production deployment. Use a production WSGI server instead.[0m
 * Running on all addresses (0.0.0.0)
 * Running on http://127.0.0.1:5001
 * Running on http://10.11.0.63:5001
2025-07-10 20:32:23,589 - werkzeug - INFO - [33mPress CTRL+C to quit[0m
2025-07-10 20:32:23,590 - werkzeug - INFO -  * Restarting with stat
2025-07-10 20:32:24,595 - __main__ - INFO - Starting Flask API server
2025-07-10 20:32:24,612 - werkzeug - WARNING -  * Debugger is active!
2025-07-10 20:32:24,622 - werkzeug - INFO -  * Debugger PIN: 934-774-149
2025-07-10 20:33:43,965 - __main__ - INFO - Incoming request
2025-07-10 20:33:43,966 - werkzeug - INFO - 127.0.0.1 - - [10/Jul/2025 20:33:43] "[33mPOST /api/ga4/validate?websiteId=febe0b0b-7c02-4efc-9a65-2e1cd760ecfb HTTP/1.1[0m" 404 -
2025-07-10 20:33:43,965 - __main__ - INFO - Incoming request
2025-07-10 20:33:43,967 - werkzeug - INFO - 127.0.0.1 - - [10/Jul/2025 20:33:43] "[33mGET /api/ga4/dimension-data?websiteId=febe0b0b-7c02-4efc-9a65-2e1cd760ecfb&dimensions=landingPage&dateRange=7daysAgo HTTP/1.1[0m" 404 -
2025-07-10 20:33:43,967 - __main__ - INFO - Incoming request
2025-07-10 20:33:43,968 - werkzeug - INFO - 127.0.0.1 - - [10/Jul/2025 20:33:43] "[33mGET /api/invites/pending HTTP/1.1[0m" 404 -
2025-07-10 20:33:43,968 - __main__ - INFO - Incoming request
2025-07-10 20:33:43,968 - werkzeug - INFO - 127.0.0.1 - - [10/Jul/2025 20:33:43] "[33mGET /api/autumn/entity?websiteId=febe0b0b-7c02-4efc-9a65-2e1cd760ecfb HTTP/1.1[0m" 404 -
2025-07-10 20:33:47,033 - __main__ - INFO - Incoming request
2025-07-10 20:33:47,034 - werkzeug - INFO - 127.0.0.1 - - [10/Jul/2025 20:33:47] "[33mGET /api/ga4/data?websiteId=febe0b0b-7c02-4efc-9a65-2e1cd760ecfb&dateRange=7daysAgo HTTP/1.1[0m" 404 -
2025-07-10 20:33:48,694 - __main__ - INFO - Incoming request
2025-07-10 20:33:48,695 - werkzeug - INFO - 127.0.0.1 - - [10/Jul/2025 20:33:48] "[33mGET /api/ga4/dimension-data?websiteId=febe0b0b-7c02-4efc-9a65-2e1cd760ecfb&dimensions=country&dateRange=7daysAgo&limit=50 HTTP/1.1[0m" 404 -
2025-07-10 20:33:48,702 - __main__ - INFO - Incoming request
2025-07-10 20:33:48,703 - werkzeug - INFO - 127.0.0.1 - - [10/Jul/2025 20:33:48] "[33mGET /api/ga4/dimension-data?websiteId=febe0b0b-7c02-4efc-9a65-2e1cd760ecfb&dimensions=sessionSource&dateRange=7daysAgo&limit=50 HTTP/1.1[0m" 404 -
2025-07-10 20:33:48,713 - __main__ - INFO - Incoming request
2025-07-10 20:33:48,713 - werkzeug - INFO - 127.0.0.1 - - [10/Jul/2025 20:33:48] "[33mGET /api/ga4/dimension-data?websiteId=febe0b0b-7c02-4efc-9a65-2e1cd760ecfb&dimensions=browser&dateRange=7daysAgo&limit=50 HTTP/1.1[0m" 404 -
2025-07-10 20:33:50,214 - werkzeug - INFO -  * Detected change in '/Users/root1/Downloads/cs/personal/db/spark-nextjs-poc/spark-nextjs-poc/backend/backend/app.py', reloading
2025-07-10 20:33:50,291 - werkzeug - INFO -  * Restarting with stat
2025-07-10 20:33:51,325 - __main__ - INFO - Starting Flask API server
2025-07-10 20:33:51,344 - werkzeug - WARNING -  * Debugger is active!
2025-07-10 20:33:51,352 - werkzeug - INFO -  * Debugger PIN: 934-774-149
2025-07-10 20:33:55,466 - werkzeug - INFO -  * Detected change in '/Users/root1/Downloads/cs/personal/db/spark-nextjs-poc/spark-nextjs-poc/backend/backend/app.py', reloading
2025-07-10 20:33:55,539 - werkzeug - INFO -  * Restarting with stat
2025-07-10 20:33:56,566 - __main__ - INFO - Starting Flask API server
2025-07-10 20:33:56,586 - werkzeug - WARNING -  * Debugger is active!
2025-07-10 20:33:56,594 - werkzeug - INFO -  * Debugger PIN: 934-774-149
2025-07-10 20:35:02,233 - __main__ - INFO - Starting Flask API server
2025-07-10 20:37:06,740 - werkzeug - INFO -  * Detected change in '/Users/root1/Downloads/cs/personal/db/spark-nextjs-poc/spark-nextjs-poc/backend/backend/app.py', reloading
2025-07-10 20:37:06,814 - werkzeug - INFO -  * Restarting with stat
2025-07-10 20:37:07,941 - __main__ - INFO - Starting Flask API server
2025-07-10 20:37:07,965 - werkzeug - WARNING -  * Debugger is active!
2025-07-10 20:37:07,974 - werkzeug - INFO -  * Debugger PIN: 934-774-149
2025-07-10 20:37:13,867 - __main__ - INFO - Incoming request
2025-07-10 20:37:13,868 - __main__ - INFO - Sample datasets listing started
2025-07-10 20:37:13,868 - __main__ - INFO - Incoming request
2025-07-10 20:37:13,868 - __main__ - INFO - File listing started
2025-07-10 20:37:13,869 - __main__ - INFO - File listing completed
2025-07-10 20:37:13,869 - werkzeug - INFO - 127.0.0.1 - - [10/Jul/2025 20:37:13] "GET /api/uploaded-files HTTP/1.1" 200 -
2025-07-10 20:37:14,106 - __main__ - INFO - Sample datasets listing completed
2025-07-10 20:37:14,109 - __main__ - ERROR - Sample datasets listing failed
2025-07-10 20:37:14,109 - werkzeug - INFO - 127.0.0.1 - - [10/Jul/2025 20:37:14] "[35m[1mGET /api/sample-datasets HTTP/1.1[0m" 500 -
2025-07-10 20:37:21,320 - __main__ - INFO - Incoming request
2025-07-10 20:37:21,320 - __main__ - INFO - File upload started
2025-07-10 20:37:21,321 - __main__ - INFO - File validation started
2025-07-10 20:37:21,322 - __main__ - INFO - Saving file to disk
2025-07-10 20:37:21,322 - __main__ - INFO - File saved successfully
2025-07-10 20:37:21,322 - __main__ - INFO - Starting CSV processing
2025-07-10 20:37:21,323 - __main__ - INFO - Cleaned up failed upload file
2025-07-10 20:37:21,325 - __main__ - ERROR - CSV processing failed
2025-07-10 20:37:21,325 - werkzeug - INFO - 127.0.0.1 - - [10/Jul/2025 20:37:21] "[31m[1mPOST /api/upload-csv HTTP/1.1[0m" 400 -
2025-07-10 20:38:05,093 - werkzeug - INFO -  * Detected change in '/Users/root1/Downloads/cs/personal/db/spark-nextjs-poc/spark-nextjs-poc/backend/backend/app_simple.py', reloading
2025-07-10 20:38:05,161 - werkzeug - INFO -  * Restarting with stat
2025-07-10 20:38:06,162 - __main__ - INFO - Starting Flask API server
2025-07-10 20:38:06,182 - werkzeug - WARNING -  * Debugger is active!
2025-07-10 20:38:06,190 - werkzeug - INFO -  * Debugger PIN: 934-774-149
2025-07-10 20:38:10,611 - __main__ - INFO - Starting Flask API server
2025-07-10 20:38:10,637 - werkzeug - INFO - [31m[1mWARNING: This is a development server. Do not use it in a production deployment. Use a production WSGI server instead.[0m
 * Running on all addresses (0.0.0.0)
 * Running on http://127.0.0.1:5002
 * Running on http://10.11.0.63:5002
2025-07-10 20:38:10,637 - werkzeug - INFO - [33mPress CTRL+C to quit[0m
2025-07-10 20:38:10,637 - werkzeug - INFO -  * Restarting with stat
2025-07-10 20:38:12,170 - __main__ - INFO - Starting Flask API server
2025-07-10 20:38:12,189 - werkzeug - WARNING -  * Debugger is active!
2025-07-10 20:38:12,197 - werkzeug - INFO -  * Debugger PIN: 934-774-149
2025-07-10 22:45:28,600 - __main__ - INFO - Starting Flask API server
2025-07-10 22:45:28,637 - werkzeug - INFO - [31m[1mWARNING: This is a development server. Do not use it in a production deployment. Use a production WSGI server instead.[0m
 * Running on all addresses (0.0.0.0)
 * Running on http://127.0.0.1:5002
 * Running on http://192.168.86.34:5002
2025-07-10 22:45:28,637 - werkzeug - INFO - [33mPress CTRL+C to quit[0m
2025-07-10 22:45:28,638 - werkzeug - INFO -  * Restarting with stat
2025-07-10 22:45:30,117 - __main__ - INFO - Starting Flask API server
2025-07-10 22:45:30,135 - werkzeug - WARNING -  * Debugger is active!
2025-07-10 22:45:30,144 - werkzeug - INFO -  * Debugger PIN: 127-005-621
2025-07-10 22:46:04,581 - __main__ - INFO - Incoming request
2025-07-10 22:46:04,581 - __main__ - INFO - Incoming request
2025-07-10 22:46:04,582 - __main__ - INFO - Sample datasets listing started
2025-07-10 22:46:04,582 - __main__ - INFO - File listing started
2025-07-10 22:46:04,582 - __main__ - WARNING - Sample datasets directory not found
2025-07-10 22:46:04,583 - werkzeug - INFO - 127.0.0.1 - - [10/Jul/2025 22:46:04] "[33mGET /api/sample-datasets HTTP/1.1[0m" 404 -
2025-07-10 22:46:04,583 - __main__ - INFO - File listing completed
2025-07-10 22:46:04,583 - werkzeug - INFO - 127.0.0.1 - - [10/Jul/2025 22:46:04] "GET /api/uploaded-files HTTP/1.1" 200 -
2025-07-10 22:48:01,905 - __main__ - INFO - Incoming request
2025-07-10 22:48:01,907 - __main__ - INFO - File upload started
2025-07-10 22:48:01,907 - __main__ - INFO - File validation started
2025-07-10 22:48:01,908 - __main__ - INFO - Saving file to disk
2025-07-10 22:48:01,908 - __main__ - INFO - File saved successfully
2025-07-10 22:48:01,908 - __main__ - INFO - Starting CSV processing
2025-07-10 22:48:01,909 - __main__ - INFO - Cleaned up failed upload file
2025-07-10 22:48:01,911 - __main__ - ERROR - CSV processing failed
2025-07-10 22:48:01,912 - werkzeug - INFO - 127.0.0.1 - - [10/Jul/2025 22:48:01] "[31m[1mPOST /api/upload-csv HTTP/1.1[0m" 400 -
2025-07-10 22:49:08,565 - werkzeug - INFO -  * Detected change in '/Users/root1/Downloads/cs/personal/db/backend/app_simple.py', reloading
2025-07-10 22:49:08,567 - py4j.clientserver - INFO - Closing down clientserver connection
2025-07-10 22:49:08,636 - werkzeug - INFO -  * Restarting with stat
2025-07-10 22:49:10,500 - __main__ - INFO - Starting Flask API server
2025-07-10 22:49:10,538 - werkzeug - WARNING -  * Debugger is active!
2025-07-10 22:49:10,546 - werkzeug - INFO -  * Debugger PIN: 127-005-621
2025-07-10 22:49:14,657 - werkzeug - INFO -  * Detected change in '/Users/root1/Downloads/cs/personal/db/backend/app_simple.py', reloading
2025-07-10 22:49:14,659 - py4j.clientserver - INFO - Closing down clientserver connection
2025-07-10 22:49:14,727 - werkzeug - INFO -  * Restarting with stat
2025-07-10 22:49:16,488 - __main__ - INFO - Starting Flask API server
2025-07-10 22:49:16,511 - werkzeug - WARNING -  * Debugger is active!
2025-07-10 22:49:16,519 - werkzeug - INFO -  * Debugger PIN: 127-005-621
2025-07-10 22:49:34,929 - werkzeug - INFO -  * Detected change in '/Users/root1/Downloads/cs/personal/db/backend/app_simple.py', reloading
2025-07-10 22:49:34,931 - py4j.clientserver - INFO - Closing down clientserver connection
2025-07-10 22:49:35,000 - werkzeug - INFO -  * Restarting with stat
2025-07-10 22:49:36,634 - __main__ - INFO - Starting Flask API server
2025-07-10 22:49:36,660 - werkzeug - WARNING -  * Debugger is active!
2025-07-10 22:49:36,667 - werkzeug - INFO -  * Debugger PIN: 127-005-621
2025-07-10 22:49:40,777 - werkzeug - INFO -  * Detected change in '/Users/root1/Downloads/cs/personal/db/backend/app_simple.py', reloading
2025-07-10 22:49:40,778 - py4j.clientserver - INFO - Closing down clientserver connection
2025-07-10 22:49:40,839 - werkzeug - INFO -  * Restarting with stat
2025-07-10 22:49:42,252 - __main__ - INFO - Starting Flask API server
2025-07-10 22:49:42,272 - werkzeug - WARNING -  * Debugger is active!
2025-07-10 22:49:42,278 - werkzeug - INFO -  * Debugger PIN: 127-005-621
2025-07-10 22:49:47,420 - werkzeug - INFO -  * Detected change in '/Users/root1/Downloads/cs/personal/db/backend/app_simple.py', reloading
2025-07-10 22:49:47,422 - py4j.clientserver - INFO - Closing down clientserver connection
2025-07-10 22:49:47,527 - werkzeug - INFO -  * Restarting with stat
2025-07-10 22:49:49,443 - __main__ - INFO - Starting Flask API server
2025-07-10 22:49:49,467 - werkzeug - WARNING -  * Debugger is active!
2025-07-10 22:49:49,475 - werkzeug - INFO -  * Debugger PIN: 127-005-621
2025-07-10 22:49:52,576 - werkzeug - INFO -  * Detected change in '/Users/root1/Downloads/cs/personal/db/backend/app_simple.py', reloading
2025-07-10 22:49:52,578 - py4j.clientserver - INFO - Closing down clientserver connection
2025-07-10 22:49:52,649 - werkzeug - INFO -  * Restarting with stat
2025-07-10 22:49:54,078 - __main__ - INFO - Starting Flask API server
2025-07-10 22:49:54,095 - werkzeug - WARNING -  * Debugger is active!
2025-07-10 22:49:54,101 - werkzeug - INFO -  * Debugger PIN: 127-005-621
2025-07-10 22:49:59,244 - werkzeug - INFO -  * Detected change in '/Users/root1/Downloads/cs/personal/db/backend/app_simple.py', reloading
2025-07-10 22:49:59,245 - py4j.clientserver - INFO - Closing down clientserver connection
2025-07-10 22:49:59,309 - werkzeug - INFO -  * Restarting with stat
2025-07-10 22:50:00,880 - __main__ - INFO - Starting Flask API server
2025-07-10 22:50:00,900 - werkzeug - WARNING -  * Debugger is active!
2025-07-10 22:50:00,908 - werkzeug - INFO -  * Debugger PIN: 127-005-621
2025-07-10 22:50:05,039 - werkzeug - INFO -  * Detected change in '/Users/root1/Downloads/cs/personal/db/backend/app_simple.py', reloading
2025-07-10 22:50:05,040 - py4j.clientserver - INFO - Closing down clientserver connection
2025-07-10 22:50:05,110 - werkzeug - INFO -  * Restarting with stat
2025-07-10 22:50:06,549 - __main__ - INFO - Starting Flask API server
2025-07-10 22:50:06,568 - werkzeug - WARNING -  * Debugger is active!
2025-07-10 22:50:06,576 - werkzeug - INFO -  * Debugger PIN: 127-005-621
2025-07-10 22:51:04,204 - py4j.clientserver - INFO - Closing down clientserver connection
2025-07-10 22:51:04,321 - py4j.clientserver - INFO - Closing down clientserver connection
2025-07-11 16:05:45,168 - __main__ - INFO - Starting Flask API server
2025-07-11 16:05:45,352 - werkzeug - INFO - [31m[1mWARNING: This is a development server. Do not use it in a production deployment. Use a production WSGI server instead.[0m
 * Running on all addresses (0.0.0.0)
 * Running on http://127.0.0.1:5002
 * Running on http://10.44.35.228:5002
2025-07-11 16:05:45,352 - werkzeug - INFO - [33mPress CTRL+C to quit[0m
2025-07-11 16:05:45,353 - werkzeug - INFO -  * Restarting with stat
2025-07-11 16:05:47,105 - __main__ - INFO - Starting Flask API server
2025-07-11 16:05:47,126 - werkzeug - WARNING -  * Debugger is active!
2025-07-11 16:05:47,133 - werkzeug - INFO -  * Debugger PIN: 471-144-725
2025-07-11 16:05:48,535 - __main__ - INFO - Incoming request
2025-07-11 16:05:48,536 - __main__ - INFO - Health check requested
2025-07-11 16:05:48,536 - __main__ - INFO - Health check completed successfully
2025-07-11 16:05:48,536 - werkzeug - INFO - 127.0.0.1 - - [11/Jul/2025 16:05:48] "GET /api/health HTTP/1.1" 200 -
2025-07-11 16:15:11,006 - werkzeug - INFO -  * Detected change in '/Users/root1/Downloads/cs/personal/db/backend/app.py', reloading
2025-07-11 16:15:11,012 - py4j.clientserver - INFO - Closing down clientserver connection
2025-07-11 16:15:11,099 - werkzeug - INFO -  * Restarting with stat
2025-07-11 16:15:13,197 - __main__ - INFO - Starting Flask API server
2025-07-11 16:15:13,234 - werkzeug - WARNING -  * Debugger is active!
2025-07-11 16:15:13,792 - werkzeug - INFO -  * Debugger PIN: 471-144-725
2025-07-12 11:29:43,415 - __main__ - INFO - Starting Flask API server
2025-07-12 11:29:43,467 - werkzeug - INFO - [31m[1mWARNING: This is a development server. Do not use it in a production deployment. Use a production WSGI server instead.[0m
 * Running on all addresses (0.0.0.0)
 * Running on http://127.0.0.1:5002
 * Running on http://192.168.86.41:5002
2025-07-12 11:29:43,467 - werkzeug - INFO - [33mPress CTRL+C to quit[0m
2025-07-12 11:29:43,467 - werkzeug - INFO -  * Restarting with stat
2025-07-12 11:29:45,115 - __main__ - INFO - Starting Flask API server
2025-07-12 11:29:45,133 - werkzeug - WARNING -  * Debugger is active!
2025-07-12 11:29:45,141 - werkzeug - INFO -  * Debugger PIN: 471-144-725
2025-07-12 11:29:48,340 - __main__ - INFO - Incoming request
2025-07-12 11:29:48,340 - __main__ - INFO - Sample datasets listing started
2025-07-12 11:29:48,576 - __main__ - INFO - Sample datasets listing completed
2025-07-12 11:29:48,578 - werkzeug - INFO - 127.0.0.1 - - [12/Jul/2025 11:29:48] "GET /api/sample-datasets HTTP/1.1" 200 -
2025-07-12 11:29:53,293 - __main__ - INFO - Incoming request
2025-07-12 11:29:53,293 - __main__ - INFO - File listing started
2025-07-12 11:29:53,294 - __main__ - WARNING - Failed to process file in listing
2025-07-12 11:29:53,300 - __main__ - INFO - File listing completed
2025-07-12 11:29:53,301 - werkzeug - INFO - 127.0.0.1 - - [12/Jul/2025 11:29:53] "GET /api/uploaded-files HTTP/1.1" 200 -
2025-07-12 11:29:58,402 - __main__ - INFO - Incoming request
2025-07-12 11:29:58,402 - __main__ - INFO - Sample dataset load started
2025-07-12 11:29:58,402 - __main__ - INFO - Loading sample dataset
2025-07-12 11:29:58,404 - __main__ - INFO - Sample dataset loaded
2025-07-12 11:29:58,405 - __main__ - INFO - Sample dataset load completed successfully
2025-07-12 11:29:58,405 - werkzeug - INFO - 127.0.0.1 - - [12/Jul/2025 11:29:58] "GET /api/load-sample-dataset/simple_products.csv HTTP/1.1" 200 -
2025-07-12 11:30:02,804 - __main__ - INFO - Incoming request
2025-07-12 11:30:02,804 - __main__ - INFO - File load started
2025-07-12 11:30:02,804 - __main__ - INFO - Loading CSV file
2025-07-12 11:30:02,805 - __main__ - INFO - CSV file loaded
2025-07-12 11:30:02,807 - __main__ - INFO - Complexity analysis completed
2025-07-12 11:30:02,807 - __main__ - INFO - File load completed successfully
2025-07-12 11:30:02,807 - werkzeug - INFO - 127.0.0.1 - - [12/Jul/2025 11:30:02] "GET /api/load-uploaded-file/20250710_230044_test_upload.csv HTTP/1.1" 200 -
2025-07-12 13:16:40,186 - __main__ - INFO - Incoming request
2025-07-12 13:16:40,187 - __main__ - INFO - Incoming request
2025-07-12 13:16:40,189 - __main__ - INFO - Sample datasets listing started
2025-07-12 13:16:40,189 - __main__ - INFO - File listing started
2025-07-12 13:16:40,195 - __main__ - WARNING - Failed to process file in listing
2025-07-12 13:16:40,235 - __main__ - INFO - File listing completed
2025-07-12 13:16:40,237 - werkzeug - INFO - 127.0.0.1 - - [12/Jul/2025 13:16:40] "GET /api/uploaded-files HTTP/1.1" 200 -
2025-07-12 13:16:40,480 - __main__ - INFO - Sample datasets listing completed
2025-07-12 13:16:40,481 - werkzeug - INFO - 127.0.0.1 - - [12/Jul/2025 13:16:40] "GET /api/sample-datasets HTTP/1.1" 200 -
2025-07-12 13:22:43,071 - __main__ - INFO - Incoming request
2025-07-12 13:22:43,073 - __main__ - INFO - Sample datasets listing started
2025-07-12 13:22:43,080 - __main__ - INFO - Incoming request
2025-07-12 13:22:43,080 - __main__ - INFO - File listing started
2025-07-12 13:22:43,081 - __main__ - WARNING - Failed to process file in listing
2025-07-12 13:22:43,089 - __main__ - INFO - File listing completed
2025-07-12 13:22:43,090 - werkzeug - INFO - 127.0.0.1 - - [12/Jul/2025 13:22:43] "GET /api/uploaded-files HTTP/1.1" 200 -
2025-07-12 13:22:43,325 - __main__ - INFO - Sample datasets listing completed
2025-07-12 13:22:43,326 - werkzeug - INFO - 127.0.0.1 - - [12/Jul/2025 13:22:43] "GET /api/sample-datasets HTTP/1.1" 200 -
2025-07-12 13:48:41,930 - __main__ - INFO - Incoming request
2025-07-12 13:48:41,931 - __main__ - INFO - File upload started
2025-07-12 13:48:41,933 - __main__ - INFO - File validation started
2025-07-12 13:48:41,937 - __main__ - INFO - Saving file to disk
2025-07-12 13:48:41,937 - __main__ - INFO - File saved successfully
2025-07-12 13:48:41,937 - __main__ - INFO - Starting CSV processing
2025-07-12 13:48:41,939 - __main__ - INFO - Cleaned up failed upload file
2025-07-12 13:48:41,943 - __main__ - ERROR - CSV processing failed
2025-07-12 13:48:41,943 - werkzeug - INFO - 127.0.0.1 - - [12/Jul/2025 13:48:41] "[31m[1mPOST /api/upload-csv HTTP/1.1[0m" 400 -
2025-07-12 13:53:27,997 - __main__ - INFO - Incoming request
2025-07-12 13:53:27,998 - __main__ - INFO - Incoming request
2025-07-12 13:53:27,999 - __main__ - INFO - Sample datasets listing started
2025-07-12 13:53:27,999 - __main__ - INFO - File listing started
2025-07-12 13:53:28,003 - __main__ - WARNING - Failed to process file in listing
2025-07-12 13:53:28,027 - __main__ - INFO - File listing completed
2025-07-12 13:53:28,032 - werkzeug - INFO - 127.0.0.1 - - [12/Jul/2025 13:53:28] "GET /api/uploaded-files HTTP/1.1" 200 -
2025-07-12 13:53:28,278 - __main__ - INFO - Sample datasets listing completed
2025-07-12 13:53:28,279 - werkzeug - INFO - 127.0.0.1 - - [12/Jul/2025 13:53:28] "GET /api/sample-datasets HTTP/1.1" 200 -
2025-07-12 13:58:33,083 - __main__ - INFO - Incoming request
2025-07-12 13:58:33,083 - __main__ - INFO - File upload started
2025-07-12 13:58:33,084 - __main__ - INFO - File validation started
2025-07-12 13:58:33,085 - __main__ - INFO - Saving file to disk
2025-07-12 13:58:33,085 - __main__ - INFO - File saved successfully
2025-07-12 13:58:33,085 - __main__ - INFO - Starting CSV processing
2025-07-12 13:58:33,086 - __main__ - INFO - Cleaned up failed upload file
2025-07-12 13:58:33,087 - __main__ - ERROR - CSV processing failed
2025-07-12 13:58:33,087 - werkzeug - INFO - 127.0.0.1 - - [12/Jul/2025 13:58:33] "[31m[1mPOST /api/upload-csv HTTP/1.1[0m" 400 -
2025-07-12 13:59:45,029 - __main__ - INFO - Incoming request
2025-07-12 13:59:45,030 - __main__ - INFO - Health check requested
2025-07-12 13:59:45,030 - __main__ - INFO - Health check completed successfully
2025-07-12 13:59:45,030 - werkzeug - INFO - 127.0.0.1 - - [12/Jul/2025 13:59:45] "GET /api/health HTTP/1.1" 200 -
2025-07-12 13:59:55,039 - __main__ - INFO - Incoming request
2025-07-12 13:59:55,039 - __main__ - INFO - File upload started
2025-07-12 13:59:55,040 - __main__ - WARNING - Upload failed: No file provided
2025-07-12 13:59:55,041 - werkzeug - INFO - 127.0.0.1 - - [12/Jul/2025 13:59:55] "[31m[1mPOST /api/upload-csv HTTP/1.1[0m" 400 -
2025-07-12 14:01:05,069 - __main__ - INFO - Incoming request
2025-07-12 14:01:05,072 - __main__ - INFO - Incoming request
2025-07-12 14:01:05,075 - __main__ - INFO - Sample datasets listing started
2025-07-12 14:01:05,075 - __main__ - INFO - File listing started
2025-07-12 14:01:05,084 - __main__ - WARNING - Failed to process file in listing
2025-07-12 14:01:05,122 - __main__ - INFO - File listing completed
2025-07-12 14:01:05,125 - werkzeug - INFO - 127.0.0.1 - - [12/Jul/2025 14:01:05] "GET /api/uploaded-files HTTP/1.1" 200 -
2025-07-12 14:01:05,439 - __main__ - INFO - Sample datasets listing completed
2025-07-12 14:01:05,440 - werkzeug - INFO - 127.0.0.1 - - [12/Jul/2025 14:01:05] "GET /api/sample-datasets HTTP/1.1" 200 -
2025-07-12 14:01:12,092 - __main__ - INFO - Incoming request
2025-07-12 14:01:12,092 - __main__ - INFO - File upload started
2025-07-12 14:01:12,093 - __main__ - INFO - File validation started
2025-07-12 14:01:12,093 - __main__ - INFO - Saving file to disk
2025-07-12 14:01:12,094 - __main__ - INFO - File saved successfully
2025-07-12 14:01:12,094 - __main__ - INFO - Starting CSV processing
2025-07-12 14:01:12,105 - __main__ - INFO - Cleaned up failed upload file
2025-07-12 14:01:12,107 - __main__ - ERROR - CSV processing failed
2025-07-12 14:01:12,108 - werkzeug - INFO - 127.0.0.1 - - [12/Jul/2025 14:01:12] "[31m[1mPOST /api/upload-csv HTTP/1.1[0m" 400 -
2025-07-12 14:02:43,408 - werkzeug - INFO -  * Detected change in '/Users/root1/Downloads/cs/personal/db/backend/app.py', reloading
2025-07-12 14:02:43,411 - py4j.clientserver - INFO - Closing down clientserver connection
2025-07-12 14:02:43,537 - werkzeug - INFO -  * Restarting with stat
2025-07-12 14:02:45,682 - __main__ - INFO - Starting Flask API server
2025-07-12 14:02:45,708 - werkzeug - WARNING -  * Debugger is active!
2025-07-12 14:02:45,717 - werkzeug - INFO -  * Debugger PIN: 471-144-725
2025-07-12 14:09:12,849 - __main__ - INFO - Incoming request
2025-07-12 14:09:12,850 - __main__ - INFO - Incoming request
2025-07-12 14:09:12,850 - __main__ - INFO - File listing started
2025-07-12 14:09:12,851 - __main__ - INFO - Sample datasets listing started
2025-07-12 14:09:12,855 - __main__ - WARNING - Failed to process file in listing
2025-07-12 14:09:12,885 - __main__ - INFO - File listing completed
2025-07-12 14:09:12,888 - werkzeug - INFO - 127.0.0.1 - - [12/Jul/2025 14:09:12] "GET /api/uploaded-files HTTP/1.1" 200 -
2025-07-12 14:09:13,137 - __main__ - INFO - Sample datasets listing completed
2025-07-12 14:09:13,138 - werkzeug - INFO - 127.0.0.1 - - [12/Jul/2025 14:09:13] "GET /api/sample-datasets HTTP/1.1" 200 -
2025-07-12 14:09:54,752 - werkzeug - INFO -  * Detected change in '/Users/root1/Downloads/cs/personal/db/backend/app.py', reloading
2025-07-12 14:09:54,754 - py4j.clientserver - INFO - Closing down clientserver connection
2025-07-12 14:09:54,825 - werkzeug - INFO -  * Restarting with stat
2025-07-12 14:09:56,706 - __main__ - INFO - Starting Flask API server
2025-07-12 14:09:56,732 - werkzeug - WARNING -  * Debugger is active!
2025-07-12 14:09:56,738 - werkzeug - INFO -  * Debugger PIN: 471-144-725
2025-07-12 14:10:05,215 - werkzeug - INFO -  * Detected change in '/Users/root1/Downloads/cs/personal/db/backend/app.py', reloading
2025-07-12 14:10:05,216 - py4j.clientserver - INFO - Closing down clientserver connection
2025-07-12 14:10:05,277 - werkzeug - INFO -  * Restarting with stat
2025-07-12 14:10:06,696 - __main__ - INFO - Starting Flask API server
2025-07-12 14:10:06,715 - werkzeug - WARNING -  * Debugger is active!
2025-07-12 14:10:06,721 - werkzeug - INFO -  * Debugger PIN: 471-144-725
2025-07-12 14:10:15,199 - werkzeug - INFO -  * Detected change in '/Users/root1/Downloads/cs/personal/db/backend/app.py', reloading
2025-07-12 14:10:15,200 - py4j.clientserver - INFO - Closing down clientserver connection
2025-07-12 14:10:15,267 - werkzeug - INFO -  * Restarting with stat
2025-07-12 14:10:16,685 - __main__ - INFO - Starting Flask API server
2025-07-12 14:10:16,704 - werkzeug - WARNING -  * Debugger is active!
2025-07-12 14:10:16,711 - werkzeug - INFO -  * Debugger PIN: 471-144-725
2025-07-12 14:10:20,991 - werkzeug - INFO -  * Detected change in '/Users/root1/Downloads/cs/personal/db/backend/app.py', reloading
2025-07-12 14:10:20,992 - py4j.clientserver - INFO - Closing down clientserver connection
2025-07-12 14:10:21,053 - werkzeug - INFO -  * Restarting with stat
2025-07-12 14:10:22,472 - __main__ - INFO - Starting Flask API server
2025-07-12 14:10:22,491 - werkzeug - WARNING -  * Debugger is active!
2025-07-12 14:10:22,498 - werkzeug - INFO -  * Debugger PIN: 471-144-725
2025-07-12 14:10:26,787 - werkzeug - INFO -  * Detected change in '/Users/root1/Downloads/cs/personal/db/backend/app.py', reloading
2025-07-12 14:10:26,789 - py4j.clientserver - INFO - Closing down clientserver connection
2025-07-12 14:10:26,852 - werkzeug - INFO -  * Restarting with stat
2025-07-12 14:10:28,385 - __main__ - INFO - Starting Flask API server
2025-07-12 14:10:28,406 - werkzeug - WARNING -  * Debugger is active!
2025-07-12 14:10:28,413 - werkzeug - INFO -  * Debugger PIN: 471-144-725
2025-07-12 14:10:35,843 - werkzeug - INFO -  * Detected change in '/Users/root1/Downloads/cs/personal/db/backend/app.py', reloading
2025-07-12 14:10:35,844 - py4j.clientserver - INFO - Closing down clientserver connection
2025-07-12 14:10:35,909 - werkzeug - INFO -  * Restarting with stat
2025-07-12 14:10:37,334 - __main__ - INFO - Starting Flask API server
2025-07-12 14:10:37,354 - werkzeug - WARNING -  * Debugger is active!
2025-07-12 14:10:37,361 - werkzeug - INFO -  * Debugger PIN: 471-144-725
2025-07-12 14:13:17,930 - __main__ - INFO - Incoming request
2025-07-12 14:13:17,931 - __main__ - INFO - Incoming request
2025-07-12 14:13:17,932 - __main__ - INFO - Sample datasets listing started
2025-07-12 14:13:17,932 - __main__ - INFO - File listing started
2025-07-12 14:13:17,935 - __main__ - WARNING - Failed to process file in listing
2025-07-12 14:13:17,951 - __main__ - INFO - File listing completed
2025-07-12 14:13:17,952 - werkzeug - INFO - 127.0.0.1 - - [12/Jul/2025 14:13:17] "GET /api/uploaded-files HTTP/1.1" 200 -
2025-07-12 14:13:18,220 - __main__ - INFO - Sample datasets listing completed
2025-07-12 14:13:18,221 - werkzeug - INFO - 127.0.0.1 - - [12/Jul/2025 14:13:18] "GET /api/sample-datasets HTTP/1.1" 200 -
2025-07-12 14:13:24,182 - __main__ - INFO - Incoming request
2025-07-12 14:13:24,182 - __main__ - INFO - File load started
2025-07-12 14:13:24,182 - __main__ - INFO - Loading CSV file
2025-07-12 14:13:24,184 - __main__ - INFO - CSV file loaded
2025-07-12 14:13:24,186 - __main__ - INFO - Complexity analysis completed
2025-07-12 14:13:24,186 - __main__ - INFO - File load completed successfully
2025-07-12 14:13:24,189 - werkzeug - INFO - 127.0.0.1 - - [12/Jul/2025 14:13:24] "GET /api/load-uploaded-file/20250711_151008_leads_normalized.csv HTTP/1.1" 200 -
2025-07-12 14:13:25,224 - __main__ - INFO - Incoming request
2025-07-12 14:13:25,224 - __main__ - INFO - Query complexity analysis started
2025-07-12 14:13:25,224 - __main__ - INFO - Analyzing query complexity
2025-07-12 14:13:25,228 - __main__ - INFO - Query complexity analysis completed
2025-07-12 14:13:25,228 - werkzeug - INFO - 127.0.0.1 - - [12/Jul/2025 14:13:25] "POST /api/analyze-query-complexity HTTP/1.1" 200 -
2025-07-12 14:13:27,187 - __main__ - INFO - Incoming request
2025-07-12 14:13:27,188 - __main__ - INFO - SQL query execution started
2025-07-12 14:13:27,189 - __main__ - ERROR - SQL query execution failed
2025-07-12 14:13:27,189 - werkzeug - INFO - 127.0.0.1 - - [12/Jul/2025 14:13:27] "[35m[1mPOST /api/sql-query HTTP/1.1[0m" 500 -
2025-07-12 14:37:52,762 - werkzeug - INFO -  * Detected change in '/Users/root1/Downloads/cs/personal/db/backend/app.py', reloading
2025-07-12 14:37:52,765 - py4j.clientserver - INFO - Closing down clientserver connection
2025-07-12 14:37:52,835 - werkzeug - INFO -  * Restarting with stat
2025-07-12 14:37:54,508 - __main__ - INFO - Starting Flask API server
2025-07-12 14:37:54,529 - werkzeug - WARNING -  * Debugger is active!
2025-07-12 14:37:54,535 - werkzeug - INFO -  * Debugger PIN: 471-144-725
2025-07-12 14:37:59,864 - werkzeug - INFO -  * Detected change in '/Users/root1/Downloads/cs/personal/db/backend/app.py', reloading
2025-07-12 14:37:59,865 - py4j.clientserver - INFO - Closing down clientserver connection
2025-07-12 14:37:59,933 - werkzeug - INFO -  * Restarting with stat
2025-07-12 14:38:00,339 - py4j.clientserver - INFO - Closing down clientserver connection
2025-07-12 16:22:52,659 - __main__ - INFO - Starting Flask API server
2025-07-12 16:22:52,697 - werkzeug - INFO - [31m[1mWARNING: This is a development server. Do not use it in a production deployment. Use a production WSGI server instead.[0m
 * Running on all addresses (0.0.0.0)
 * Running on http://127.0.0.1:5002
 * Running on http://192.168.86.41:5002
2025-07-12 16:22:52,698 - werkzeug - INFO - [33mPress CTRL+C to quit[0m
2025-07-12 16:22:52,698 - werkzeug - INFO -  * Restarting with stat
2025-07-12 16:22:54,154 - __main__ - INFO - Starting Flask API server
2025-07-12 16:22:54,173 - werkzeug - WARNING -  * Debugger is active!
2025-07-12 16:22:54,180 - werkzeug - INFO -  * Debugger PIN: 471-144-725
2025-07-12 16:37:29,402 - __main__ - INFO - Starting Flask API server
2025-07-12 16:39:21,416 - __main__ - INFO - Starting Flask API server
2025-07-12 16:39:21,449 - werkzeug - INFO - [31m[1mWARNING: This is a development server. Do not use it in a production deployment. Use a production WSGI server instead.[0m
 * Running on all addresses (0.0.0.0)
 * Running on http://127.0.0.1:5002
 * Running on http://192.168.86.41:5002
2025-07-12 16:39:21,449 - werkzeug - INFO - [33mPress CTRL+C to quit[0m
2025-07-12 16:39:21,449 - werkzeug - INFO -  * Restarting with stat
2025-07-12 16:39:23,001 - __main__ - INFO - Starting Flask API server
2025-07-12 16:39:23,022 - werkzeug - WARNING -  * Debugger is active!
2025-07-12 16:39:23,029 - werkzeug - INFO -  * Debugger PIN: 471-144-725
